PCAD Importer Log
Project : 6364372-1.LibPkg

Section : C:\Users\admin\Google Drive\ThangTM_Lib\Lib Import\USB FEMALE\6364372-1.lia
    Section : PCB Library - 6364372-1.PcbLib
        Section : Load Messages
            Warning - 1 : Skipping Token 6364372-1 On Line 184
            Warning - 1 : Skipping Token attachedSymbol On Line 277
        EndSection

        Section : Import Messages
            Warning - 0 : PCAD Pattern Graphics [*TE_6364372-1][Primary] associated with PCAD Component [6364372-1] has been renamed to PCB FootPrint [*TE_6364372-1_6364372-1(Primary)].
        EndSection
    EndSection

    Section : SCH Library - 6364372-1.SchLib
        Section : Parsing Messages
            Warning - 1 : Skipping Token padStyleDef On Line 9
            Warning - 1 : Skipping Token padStyleDef On Line 21
            Warning - 1 : Skipping Token padStyleDef On Line 33
            Warning - 1 : Skipping Token multiLayer On Line 108
            Warning - 1 : Skipping Token layerContents On Line 116
            Warning - 1 : Skipping Token layerContents On Line 132
            Warning - 1 : Skipping Token layerContents On Line 148
            Warning - 1 : Skipping Token layerContents On Line 164
        EndSection

        Section : Generating SCH Library - 6364372-1.SchLib
            Warning - 0 : PCAD Pattern Graphics [*TE_6364372-1][Primary] associated with PCAD Component [6364372-1] has been renamed to PCB FootPrint [*TE_6364372-1_6364372-1(Primary)].
        EndSection
    EndSection
EndSection
